<?xml version="1.0" encoding="UTF-8"?>
<!-- Generated by org.testng.reporters.JUnitReportReporter -->
<testsuite hostname="Neyaz-PC" failures="0" tests="3" name="Scripts.Demo_1" time="0.020" errors="0" timestamp="2023-09-05T11:36:59 IST" skipped="0">
  <testcase classname="Scripts.Demo_1" name="add2" time="0.006">
    <system-out>
      <![CDATA[Hi]]>
    </system-out>
  </testcase> <!-- add2 -->
  <testcase classname="Scripts.Demo_1" name="add" time="0.010">
    <system-out>
      <![CDATA[Helooo]]>
    </system-out>
  </testcase> <!-- add -->
  <testcase classname="Scripts.Demo_1" name="add3" time="0.004">
    <system-out>
      <![CDATA[]]>
    </system-out>
  </testcase> <!-- add3 -->
  <system-out>
    <![CDATA[Helooo
Hi
]]>
  </system-out>
</testsuite> <!-- Scripts.Demo_1 -->
